<?xml version="1.0" encoding="UTF-8"?>
<!-- Generated by org.testng.reporters.JUnitXMLReporter -->
<testsuite hostname="QuynhDuongThu" ignored="0" name="Run on Firefox" tests="2" failures="0" timestamp="12 Jan 2021 02:55:11 GMT" time="0.156" errors="0">
  <testcase name="@BeforeClass initBrowser" time="0.104" classname="com.bankguru.login.Login_01_Register_And_Login_Repeat_Yourself">
    <failure type="java.lang.IllegalStateException" message="The driver executable does not exist: C:\Users\quynh.duongthu\Desktop\Selenium_Automation\03 - Hybrid Java Framework\browserDriver\chromedriver.exe">
      <![CDATA[java.lang.IllegalStateException: The driver executable does not exist: C:\Users\quynh.duongthu\Desktop\Selenium_Automation\03 - Hybrid Java Framework\browserDriver\chromedriver.exe
at com.google.common.base.Preconditions.checkState(Preconditions.java:585)
at org.openqa.selenium.remote.service.DriverService.checkExecutable(DriverService.java:146)
at org.openqa.selenium.remote.service.DriverService.findExecutable(DriverService.java:141)
at org.openqa.selenium.chrome.ChromeDriverService.access$000(ChromeDriverService.java:35)
at org.openqa.selenium.chrome.ChromeDriverService$Builder.findDefaultExecutable(ChromeDriverService.java:159)
at org.openqa.selenium.remote.service.DriverService$Builder.build(DriverService.java:355)
at org.openqa.selenium.chrome.ChromeDriverService.createDefaultService(ChromeDriverService.java:94)
at org.openqa.selenium.chrome.ChromeDriver.<init>(ChromeDriver.java:123)
at com.bankguru.login.Login_01_Register_And_Login_Repeat_Yourself.initBrowser(Login_01_Register_And_Login_Repeat_Yourself.java:23)
... Removed 26 stack frames]]>
    </failure>
  </testcase> <!-- @BeforeClass initBrowser -->
  <testcase name="@AfterClass afterClass" time="0.0" classname="com.bankguru.login.Login_01_Register_And_Login_Repeat_Yourself">
    <skipped/>
  </testcase> <!-- @AfterClass afterClass -->
  <testcase name="Login_01_Register_To_System" time="0.0" classname="com.bankguru.login.Login_01_Register_And_Login_Repeat_Yourself">
    <skipped/>
  </testcase> <!-- Login_01_Register_To_System -->
  <testcase name="Login_02_Login_To_System" time="0.0" classname="com.bankguru.login.Login_01_Register_And_Login_Repeat_Yourself">
    <skipped/>
  </testcase> <!-- Login_02_Login_To_System -->
</testsuite> <!-- Run on Firefox -->
