<?xml version="1.0" encoding="UTF-8"?>
<!-- Generated by org.testng.reporters.JUnitXMLReporter -->
<testsuite hostname="QuynhDuongThu" ignored="0" name="Default test" tests="8" failures="0" timestamp="12 Jan 2021 02:30:38 GMT" time="0.269" errors="0">
  <testcase name="@BeforeClass initBrowser" time="0.181" classname="com.bankguru.login.Login_01_Register_And_Login_Repeat_Yourself">
    <failure type="org.openqa.selenium.WebDriverException" message="Cannot find firefox binary in PATH. Make sure firefox is installed. OS appears to be: WIN10
Build info: version: &amp;apos;3.141.59&amp;apos;, revision: &amp;apos;e82be7d358&amp;apos;, time: &amp;apos;2018-11-14T08:25:53&amp;apos;
System info: host: &amp;apos;QUYNHDUONGTHU&amp;apos;, ip: &amp;apos;192.168.67.2&amp;apos;, os.name: &amp;apos;Windows 10&amp;apos;, os.arch: &amp;apos;amd64&amp;apos;, os.version: &amp;apos;10.0&amp;apos;, java.version: &amp;apos;1.8.0_271&amp;apos;
Driver info: driver.version: FirefoxDriver">
      <![CDATA[org.openqa.selenium.WebDriverException: Cannot find firefox binary in PATH. Make sure firefox is installed. OS appears to be: WIN10
Build info: version: '3.141.59', revision: 'e82be7d358', time: '2018-11-14T08:25:53'
System info: host: 'QUYNHDUONGTHU', ip: '192.168.67.2', os.name: 'Windows 10', os.arch: 'amd64', os.version: '10.0', java.version: '1.8.0_271'
Driver info: driver.version: FirefoxDriver
at org.openqa.selenium.firefox.FirefoxBinary.<init>(FirefoxBinary.java:100)
at java.util.Optional.orElseGet(Unknown Source)
at org.openqa.selenium.firefox.FirefoxOptions.getBinary(FirefoxOptions.java:216)
at org.openqa.selenium.firefox.FirefoxDriver.toExecutor(FirefoxDriver.java:187)
at org.openqa.selenium.firefox.FirefoxDriver.<init>(FirefoxDriver.java:147)
at org.openqa.selenium.firefox.FirefoxDriver.<init>(FirefoxDriver.java:125)
at com.bankguru.login.Login_01_Register_And_Login_Repeat_Yourself.initBrowser(Login_01_Register_And_Login_Repeat_Yourself.java:22)
at sun.reflect.NativeMethodAccessorImpl.invoke0(Native Method)
at sun.reflect.NativeMethodAccessorImpl.invoke(Unknown Source)
at sun.reflect.DelegatingMethodAccessorImpl.invoke(Unknown Source)
at java.lang.reflect.Method.invoke(Unknown Source)
at org.testng.internal.MethodInvocationHelper.invokeMethod(MethodInvocationHelper.java:124)
at org.testng.internal.MethodInvocationHelper.invokeMethodConsideringTimeout(MethodInvocationHelper.java:59)
at org.testng.internal.Invoker.invokeConfigurationMethod(Invoker.java:458)
at org.testng.internal.Invoker.invokeConfigurations(Invoker.java:222)
at org.testng.internal.Invoker.invokeConfigurations(Invoker.java:142)
at org.testng.internal.TestMethodWorker.invokeBeforeClassMethods(TestMethodWorker.java:168)
at org.testng.internal.TestMethodWorker.run(TestMethodWorker.java:105)
at org.testng.TestRunner.privateRun(TestRunner.java:648)
at org.testng.TestRunner.run(TestRunner.java:505)
at org.testng.SuiteRunner.runTest(SuiteRunner.java:455)
at org.testng.SuiteRunner.runSequentially(SuiteRunner.java:450)
at org.testng.SuiteRunner.privateRun(SuiteRunner.java:415)
at org.testng.SuiteRunner.run(SuiteRunner.java:364)
at org.testng.SuiteRunnerWorker.runSuite(SuiteRunnerWorker.java:52)
at org.testng.SuiteRunnerWorker.run(SuiteRunnerWorker.java:84)
at org.testng.TestNG.runSuitesSequentially(TestNG.java:1208)
at org.testng.TestNG.runSuitesLocally(TestNG.java:1137)
at org.testng.TestNG.runSuites(TestNG.java:1049)
at org.testng.TestNG.run(TestNG.java:1017)
at org.testng.remote.AbstractRemoteTestNG.run(AbstractRemoteTestNG.java:115)
at org.testng.remote.RemoteTestNG.initAndRun(RemoteTestNG.java:251)
at org.testng.remote.RemoteTestNG.main(RemoteTestNG.java:77)
]]>
    </failure>
  </testcase> <!-- @BeforeClass initBrowser -->
  <testcase name="@AfterClass afterClass" time="0.0" classname="com.bankguru.login.Login_01_Register_And_Login_Repeat_Yourself">
    <skipped/>
  </testcase> <!-- @AfterClass afterClass -->
  <testcase name="Login_01_Register_To_System" time="0.0" classname="com.bankguru.login.Login_01_Register_And_Login_Repeat_Yourself">
    <skipped/>
  </testcase> <!-- Login_01_Register_To_System -->
  <testcase name="Login_02_Login_To_System" time="0.0" classname="com.bankguru.login.Login_01_Register_And_Login_Repeat_Yourself">
    <skipped/>
  </testcase> <!-- Login_02_Login_To_System -->
  <testcase name="New_Customer_05_Validate_Address" time="0.002" classname="com.bankguru.payment.Payment_01_Fund_Tranfer"/>
  <testcase name="New_Customer_01_Validate_Name" time="0.001" classname="com.bankguru.users.User_01_New_Customer"/>
  <testcase name="New_Customer_02_Validate_Phone" time="0.001" classname="com.bankguru.users.User_01_New_Customer"/>
  <testcase name="New_Customer_03_Validate_City" time="0.002" classname="com.bankguru.users.User_01_New_Customer"/>
  <testcase name="New_Customer_04_Validate_State" time="0.001" classname="com.bankguru.users.User_01_New_Customer"/>
  <testcase name="New_Customer_05_Validate_Address" time="0.001" classname="com.bankguru.users.User_01_New_Customer"/>
</testsuite> <!-- Default test -->
